<?xml version="1.0" encoding="UTF-8"?>
<!-- Generated by org.testng.reporters.JUnitReportReporter -->
<testsuite skipped="0" hostname="LAPTOP-HQSCMDO5" name="Kazim_Maven_Project_Suite.Maven_Java.AppiumTest" tests="2" failures="0" timestamp="2020-07-25T18:54:35 IST" time="0.000" errors="0">
  <testcase name="browserAutomation" time="0.000" classname="Kazim_Maven_Project_Suite.Maven_Java.AppiumTest"/>
  <system-out/>
  <testcase name="elementUI" time="0.000" classname="Kazim_Maven_Project_Suite.Maven_Java.AppiumTest"/>
  <system-out/>
</testsuite> <!-- Kazim_Maven_Project_Suite.Maven_Java.AppiumTest -->
